<?xml version="1.0" encoding="UTF-8"?>
<testsuite xmlns:xsi="http://www.w3.org/2001/XMLSchema-instance" xsi:noNamespaceSchemaLocation="https://maven.apache.org/surefire/maven-surefire-plugin/xsd/surefire-test-report.xsd" name="company.EstudianteDaoH2Test" time="0.424" tests="1" errors="1" skipped="0" failures="0">
  <properties>
    <property name="java.specification.version" value="17"/>
    <property name="sun.cpu.isalist" value="amd64"/>
    <property name="sun.jnu.encoding" value="Cp1252"/>
    <property name="java.class.path" value="C:\Users\JUAN\Downloads\Back\maven\ejemploMavenMio\target\test-classes;C:\Users\JUAN\Downloads\Back\maven\ejemploMavenMio\target\classes;C:\Users\JUAN\.m2\repository\junit\junit\4.12\junit-4.12.jar;C:\Users\JUAN\.m2\repository\org\hamcrest\hamcrest-core\1.3\hamcrest-core-1.3.jar;C:\Users\JUAN\.m2\repository\com\h2database\h2\1.4.200\h2-1.4.200.jar;C:\Users\JUAN\.m2\repository\log4j\log4j\1.2.17\log4j-1.2.17.jar;"/>
    <property name="java.vm.vendor" value="Oracle Corporation"/>
    <property name="sun.arch.data.model" value="64"/>
    <property name="user.variant" value=""/>
    <property name="java.vendor.url" value="https://java.oracle.com/"/>
    <property name="user.timezone" value="America/Bogota"/>
    <property name="os.name" value="Windows 10"/>
    <property name="java.vm.specification.version" value="17"/>
    <property name="sun.java.launcher" value="SUN_STANDARD"/>
    <property name="user.country" value="CO"/>
    <property name="sun.boot.library.path" value="C:\Program Files\Java\jdk-17.0.3.1\bin"/>
    <property name="sun.java.command" value="C:\Users\JUAN\AppData\Local\Temp\surefire13539431996237046656\surefirebooter9989412287241428877.jar C:\Users\JUAN\AppData\Local\Temp\surefire13539431996237046656 2022-06-04T18-50-54_268-jvmRun1 surefire10553360046281186359tmp surefire_01803167585752886433tmp"/>
    <property name="jdk.debug" value="release"/>
    <property name="surefire.test.class.path" value="C:\Users\JUAN\Downloads\Back\maven\ejemploMavenMio\target\test-classes;C:\Users\JUAN\Downloads\Back\maven\ejemploMavenMio\target\classes;C:\Users\JUAN\.m2\repository\junit\junit\4.12\junit-4.12.jar;C:\Users\JUAN\.m2\repository\org\hamcrest\hamcrest-core\1.3\hamcrest-core-1.3.jar;C:\Users\JUAN\.m2\repository\com\h2database\h2\1.4.200\h2-1.4.200.jar;C:\Users\JUAN\.m2\repository\log4j\log4j\1.2.17\log4j-1.2.17.jar;"/>
    <property name="sun.cpu.endian" value="little"/>
    <property name="user.home" value="C:\Users\JUAN"/>
    <property name="user.language" value="es"/>
    <property name="java.specification.vendor" value="Oracle Corporation"/>
    <property name="java.version.date" value="2022-04-22"/>
    <property name="java.home" value="C:\Program Files\Java\jdk-17.0.3.1"/>
    <property name="file.separator" value="\"/>
    <property name="basedir" value="C:\Users\JUAN\Downloads\Back\maven\ejemploMavenMio"/>
    <property name="java.vm.compressedOopsMode" value="32-bit"/>
    <property name="line.separator" value="&#10;"/>
    <property name="java.vm.specification.vendor" value="Oracle Corporation"/>
    <property name="java.specification.name" value="Java Platform API Specification"/>
    <property name="surefire.real.class.path" value="C:\Users\JUAN\AppData\Local\Temp\surefire13539431996237046656\surefirebooter9989412287241428877.jar"/>
    <property name="user.script" value=""/>
    <property name="sun.management.compiler" value="HotSpot 64-Bit Tiered Compilers"/>
    <property name="java.runtime.version" value="17.0.3.1+2-LTS-6"/>
    <property name="user.name" value="JUAN"/>
    <property name="path.separator" value=";"/>
    <property name="os.version" value="10.0"/>
    <property name="java.runtime.name" value="Java(TM) SE Runtime Environment"/>
    <property name="file.encoding" value="Cp1252"/>
    <property name="java.vm.name" value="Java HotSpot(TM) 64-Bit Server VM"/>
    <property name="localRepository" value="C:\Users\JUAN\.m2\repository"/>
    <property name="java.vendor.url.bug" value="https://bugreport.java.com/bugreport/"/>
    <property name="java.io.tmpdir" value="C:\Users\JUAN\AppData\Local\Temp\"/>
    <property name="idea.version" value="2022.1.1"/>
    <property name="java.version" value="17.0.3.1"/>
    <property name="user.dir" value="C:\Users\JUAN\Downloads\Back\maven\ejemploMavenMio"/>
    <property name="os.arch" value="amd64"/>
    <property name="java.vm.specification.name" value="Java Virtual Machine Specification"/>
    <property name="sun.os.patch.level" value=""/>
    <property name="native.encoding" value="Cp1252"/>
    <property name="java.library.path" value="C:\Program Files\Java\jdk-17.0.3.1\bin;C:\WINDOWS\Sun\Java\bin;C:\WINDOWS\system32;C:\WINDOWS;C:\Program Files\Common Files\Oracle\Java\javapath;C:\Program Files\Python310\Scripts\;C:\Program Files\Python310\;C:\Program Files (x86)\Common Files\Oracle\Java\javapath;C:\WINDOWS\system32;C:\WINDOWS;C:\WINDOWS\System32\Wbem;C:\WINDOWS\System32\WindowsPowerShell\v1.0\;C:\WINDOWS\System32\OpenSSH\;C:\Program Files\Microsoft SQL Server\150\DTS\Binn\;C:\Program Files\Microsoft SQL Server\Client SDK\ODBC\170\Tools\Binn\;C:\Program Files (x86)\Microsoft SQL Server\150\Tools\Binn\;C:\Program Files\Microsoft SQL Server\150\Tools\Binn\;C:\Program Files (x86)\Brackets\command;C:\ProgramData\chocolatey\bin;C:\Program Files (x86)\Microsoft SQL Server\150\DTS\Binn\;C:\Program Files\Azure Data Studio\bin;C:\Program Files\nodejs\;C:\Program Files\MySQL\MySQL Server 8.0\bin;C:\HashiCorp\Vagrant\bin;C:\Program Files\PuTTY\;C:\Program Files\Git\cmd;C:\Program Files\Docker\Docker\resources\bin;C:\ProgramData\DockerDesktop\version-bin;C:\Program Files\PowerShell\7\;C:\Program Files\MySQL\MySQL Shell 8.0\bin\;C:\Users\JUAN\AppData\Local\Microsoft\WindowsApps;C:\Users\JUAN\AppData\Local\Programs\Microsoft VS Code\bin;C:\Users\JUAN\AppData\Local\GitHubDesktop\bin;C:\Program Files\Azure Data Studio\bin;C:\Users\JUAN\AppData\Roaming\npm;C:\Program Files\jq\bin;;."/>
    <property name="java.vm.info" value="mixed mode, sharing"/>
    <property name="java.vendor" value="Oracle Corporation"/>
    <property name="java.vm.version" value="17.0.3.1+2-LTS-6"/>
    <property name="sun.io.unicode.encoding" value="UnicodeLittle"/>
    <property name="java.class.version" value="61.0"/>
  </properties>
  <testcase name="buscarEstudiantes" classname="company.EstudianteDaoH2Test" time="0.222">
    <error message="org.h2.jdbc.JdbcSQLNonTransientConnectionException: Archivo corrupto mientras se leía el registro: null. Solución Posible: use la herramienta de recuperación (recovery tool)&#10;File corrupted while reading record: null. Possible solution: use the recovery tool [90030-200]" type="java.lang.RuntimeException">java.lang.RuntimeException: 
org.h2.jdbc.JdbcSQLNonTransientConnectionException: Archivo corrupto mientras se leía el registro: null. Solución Posible: use la herramienta de recuperación (recovery tool)
File corrupted while reading record: null. Possible solution: use the recovery tool [90030-200]
	at company.EstudianteDaoH2Test.buscarEstudiantes(EstudianteDaoH2Test.java:17)
Caused by: org.h2.jdbc.JdbcSQLNonTransientConnectionException: 
Archivo corrupto mientras se leía el registro: null. Solución Posible: use la herramienta de recuperación (recovery tool)
File corrupted while reading record: null. Possible solution: use the recovery tool [90030-200]
	at company.EstudianteDaoH2Test.buscarEstudiantes(EstudianteDaoH2Test.java:17)
Caused by: java.lang.IllegalStateException: The write format 2 is larger than the supported format 1, and the file was not opened in read-only mode [1.4.200/5]
	at company.EstudianteDaoH2Test.buscarEstudiantes(EstudianteDaoH2Test.java:17)
</error>
    <system-out><![CDATA[[2022-06-04 18:50:55] [ DEBUG] [EstudianteDaoH2:21] Registrando nuevo estudiante: Estudiantes{nombre='EstudianteUno', apellido='ApellidoUno', id=1}
]]></system-out>
  </testcase>
</testsuite>